<?xml version="1.0" encoding="UTF-8"?>
<!-- Generated by org.testng.reporters.JUnitReportReporter -->
<testsuite skipped="0" hostname="LAPTOP-354O6RMQ" name="TestCases.CreateBooking" tests="2" failures="0" timestamp="2021-01-24T16:32:46 AEDT" time="7.333" errors="0">
  <testcase name="createBooking" time="6.029" classname="TestCases.CreateBooking"/>
  <system-out/>
  <testcase name="createBooking" time="1.304" classname="TestCases.CreateBooking"/>
  <system-out/>
</testsuite> <!-- TestCases.CreateBooking -->
