<?xml version="1.0" encoding="UTF-8"?>
<!-- Generated by org.testng.reporters.JUnitReportReporter -->
<testsuite skipped="0" hostname="LAPTOP-354O6RMQ" name="TestCases.pojo.CreateBook" tests="1" failures="0" timestamp="2020-12-28T17:51:38 AEDT" time="0.047" errors="0">
  <testcase name="teststatus" time="0.047" classname="TestCases.pojo.CreateBook"/>
  <system-out/>
</testsuite> <!-- TestCases.pojo.CreateBook -->
