<?xml version="1.0" encoding="UTF-8"?>
<!-- Generated by org.testng.reporters.JUnitReportReporter -->
<testsuite skipped="0" hostname="LAPTOP-354O6RMQ" name="TestCases.CreateEmployee" tests="1" failures="0" timestamp="2021-01-24T15:38:57 AEDT" time="0.002" errors="0">
  <testcase name="testCreateEmployee" time="0.002" classname="TestCases.CreateEmployee"/>
  <system-out/>
</testsuite> <!-- TestCases.CreateEmployee -->
